mode: set
mqtt-mux-router/cmd/mqtt-mux-router/main.go:24.13,41.16 11 0
mqtt-mux-router/cmd/mqtt-mux-router/main.go:41.16,43.3 1 0
mqtt-mux-router/cmd/mqtt-mux-router/main.go:46.2,57.16 3 0
mqtt-mux-router/cmd/mqtt-mux-router/main.go:57.16,59.3 1 0
mqtt-mux-router/cmd/mqtt-mux-router/main.go:60.2,67.25 5 0
mqtt-mux-router/cmd/mqtt-mux-router/main.go:67.25,71.17 3 0
mqtt-mux-router/cmd/mqtt-mux-router/main.go:71.17,73.4 1 0
mqtt-mux-router/cmd/mqtt-mux-router/main.go:76.3,77.17 2 0
mqtt-mux-router/cmd/mqtt-mux-router/main.go:77.17,79.4 1 0
mqtt-mux-router/cmd/mqtt-mux-router/main.go:82.3,99.13 7 0
mqtt-mux-router/cmd/mqtt-mux-router/main.go:99.13,103.88 2 0
mqtt-mux-router/cmd/mqtt-mux-router/main.go:103.88,105.5 1 0
mqtt-mux-router/cmd/mqtt-mux-router/main.go:110.2,123.16 6 0
mqtt-mux-router/cmd/mqtt-mux-router/main.go:123.16,125.3 1 0
mqtt-mux-router/cmd/mqtt-mux-router/main.go:128.2,134.16 5 0
mqtt-mux-router/cmd/mqtt-mux-router/main.go:134.16,136.3 1 0
mqtt-mux-router/cmd/mqtt-mux-router/main.go:139.2,139.56 1 0
mqtt-mux-router/cmd/mqtt-mux-router/main.go:139.56,141.3 1 0
mqtt-mux-router/cmd/mqtt-mux-router/main.go:143.2,151.6 2 0
mqtt-mux-router/cmd/mqtt-mux-router/main.go:151.6,153.14 2 0
mqtt-mux-router/cmd/mqtt-mux-router/main.go:154.23,156.17 2 0
mqtt-mux-router/cmd/mqtt-mux-router/main.go:157.40,165.51 4 0
mqtt-mux-router/cmd/mqtt-mux-router/main.go:165.51,166.63 1 0
mqtt-mux-router/cmd/mqtt-mux-router/main.go:166.63,168.6 1 0
mqtt-mux-router/cmd/mqtt-mux-router/main.go:172.4,174.10 3 0
mqtt-mux-router/config/config.go:51.41,53.16 2 0
mqtt-mux-router/config/config.go:53.16,55.3 1 0
mqtt-mux-router/config/config.go:57.2,58.54 2 0
mqtt-mux-router/config/config.go:58.54,60.3 1 0
mqtt-mux-router/config/config.go:63.2,63.32 1 0
mqtt-mux-router/config/config.go:63.32,65.3 1 0
mqtt-mux-router/config/config.go:66.2,66.37 1 0
mqtt-mux-router/config/config.go:66.37,68.3 1 0
mqtt-mux-router/config/config.go:69.2,69.35 1 0
mqtt-mux-router/config/config.go:69.35,71.3 1 0
mqtt-mux-router/config/config.go:74.2,74.34 1 0
mqtt-mux-router/config/config.go:74.34,76.3 1 0
mqtt-mux-router/config/config.go:77.2,77.31 1 0
mqtt-mux-router/config/config.go:77.31,79.3 1 0
mqtt-mux-router/config/config.go:80.2,80.41 1 0
mqtt-mux-router/config/config.go:80.41,82.3 1 0
mqtt-mux-router/config/config.go:85.2,85.36 1 0
mqtt-mux-router/config/config.go:85.36,87.3 1 0
mqtt-mux-router/config/config.go:88.2,88.38 1 0
mqtt-mux-router/config/config.go:88.38,90.3 1 0
mqtt-mux-router/config/config.go:91.2,91.38 1 0
mqtt-mux-router/config/config.go:91.38,93.3 1 0
mqtt-mux-router/config/config.go:96.2,96.48 1 0
mqtt-mux-router/config/config.go:96.48,98.3 1 0
mqtt-mux-router/config/config.go:100.2,100.21 1 0
mqtt-mux-router/config/config.go:104.40,106.27 1 0
mqtt-mux-router/config/config.go:106.27,108.3 1 0
mqtt-mux-router/config/config.go:111.2,111.25 1 0
mqtt-mux-router/config/config.go:111.25,112.34 1 0
mqtt-mux-router/config/config.go:112.34,114.4 1 0
mqtt-mux-router/config/config.go:115.3,115.33 1 0
mqtt-mux-router/config/config.go:115.33,117.4 1 0
mqtt-mux-router/config/config.go:118.3,118.32 1 0
mqtt-mux-router/config/config.go:118.32,120.4 1 0
mqtt-mux-router/config/config.go:124.2,124.27 1 0
mqtt-mux-router/config/config.go:125.40,125.40 0 0
mqtt-mux-router/config/config.go:126.10,127.64 1 0
mqtt-mux-router/config/config.go:130.2,130.30 1 0
mqtt-mux-router/config/config.go:131.25,131.25 0 0
mqtt-mux-router/config/config.go:132.10,133.70 1 0
mqtt-mux-router/config/config.go:137.2,137.25 1 0
mqtt-mux-router/config/config.go:137.25,138.75 1 0
mqtt-mux-router/config/config.go:138.75,140.4 1 0
mqtt-mux-router/config/config.go:144.2,144.32 1 0
mqtt-mux-router/config/config.go:144.32,146.3 1 0
mqtt-mux-router/config/config.go:147.2,147.34 1 0
mqtt-mux-router/config/config.go:147.34,149.3 1 0
mqtt-mux-router/config/config.go:150.2,150.34 1 0
mqtt-mux-router/config/config.go:150.34,152.3 1 0
mqtt-mux-router/config/config.go:154.2,154.12 1 0
mqtt-mux-router/config/config.go:158.132,159.17 1 0
mqtt-mux-router/config/config.go:159.17,161.3 1 0
mqtt-mux-router/config/config.go:162.2,162.19 1 0
mqtt-mux-router/config/config.go:162.19,164.3 1 0
mqtt-mux-router/config/config.go:165.2,165.19 1 0
mqtt-mux-router/config/config.go:165.19,167.3 1 0
mqtt-mux-router/config/config.go:168.2,168.23 1 0
mqtt-mux-router/config/config.go:168.23,170.3 1 0
mqtt-mux-router/config/config.go:171.2,171.23 1 0
mqtt-mux-router/config/config.go:171.23,173.3 1 0
mqtt-mux-router/config/config.go:174.2,174.25 1 0
mqtt-mux-router/config/config.go:174.25,176.3 1 0
mqtt-mux-router/config/config.go:51.41,53.16 2 0
mqtt-mux-router/config/config.go:53.16,55.3 1 0
mqtt-mux-router/config/config.go:57.2,58.54 2 0
mqtt-mux-router/config/config.go:58.54,60.3 1 0
mqtt-mux-router/config/config.go:63.2,63.32 1 0
mqtt-mux-router/config/config.go:63.32,65.3 1 0
mqtt-mux-router/config/config.go:66.2,66.37 1 0
mqtt-mux-router/config/config.go:66.37,68.3 1 0
mqtt-mux-router/config/config.go:69.2,69.35 1 0
mqtt-mux-router/config/config.go:69.35,71.3 1 0
mqtt-mux-router/config/config.go:74.2,74.34 1 0
mqtt-mux-router/config/config.go:74.34,76.3 1 0
mqtt-mux-router/config/config.go:77.2,77.31 1 0
mqtt-mux-router/config/config.go:77.31,79.3 1 0
mqtt-mux-router/config/config.go:80.2,80.41 1 0
mqtt-mux-router/config/config.go:80.41,82.3 1 0
mqtt-mux-router/config/config.go:85.2,85.36 1 0
mqtt-mux-router/config/config.go:85.36,87.3 1 0
mqtt-mux-router/config/config.go:88.2,88.38 1 0
mqtt-mux-router/config/config.go:88.38,90.3 1 0
mqtt-mux-router/config/config.go:91.2,91.38 1 0
mqtt-mux-router/config/config.go:91.38,93.3 1 0
mqtt-mux-router/config/config.go:96.2,96.48 1 0
mqtt-mux-router/config/config.go:96.48,98.3 1 0
mqtt-mux-router/config/config.go:100.2,100.21 1 0
mqtt-mux-router/config/config.go:104.40,106.27 1 0
mqtt-mux-router/config/config.go:106.27,108.3 1 0
mqtt-mux-router/config/config.go:111.2,111.25 1 0
mqtt-mux-router/config/config.go:111.25,112.34 1 0
mqtt-mux-router/config/config.go:112.34,114.4 1 0
mqtt-mux-router/config/config.go:115.3,115.33 1 0
mqtt-mux-router/config/config.go:115.33,117.4 1 0
mqtt-mux-router/config/config.go:118.3,118.32 1 0
mqtt-mux-router/config/config.go:118.32,120.4 1 0
mqtt-mux-router/config/config.go:124.2,124.27 1 0
mqtt-mux-router/config/config.go:125.40,125.40 0 0
mqtt-mux-router/config/config.go:126.10,127.64 1 0
mqtt-mux-router/config/config.go:130.2,130.30 1 0
mqtt-mux-router/config/config.go:131.25,131.25 0 0
mqtt-mux-router/config/config.go:132.10,133.70 1 0
mqtt-mux-router/config/config.go:137.2,137.25 1 0
mqtt-mux-router/config/config.go:137.25,138.75 1 0
mqtt-mux-router/config/config.go:138.75,140.4 1 0
mqtt-mux-router/config/config.go:144.2,144.32 1 0
mqtt-mux-router/config/config.go:144.32,146.3 1 0
mqtt-mux-router/config/config.go:147.2,147.34 1 0
mqtt-mux-router/config/config.go:147.34,149.3 1 0
mqtt-mux-router/config/config.go:150.2,150.34 1 0
mqtt-mux-router/config/config.go:150.34,152.3 1 0
mqtt-mux-router/config/config.go:154.2,154.12 1 0
mqtt-mux-router/config/config.go:158.132,159.17 1 0
mqtt-mux-router/config/config.go:159.17,161.3 1 0
mqtt-mux-router/config/config.go:162.2,162.19 1 0
mqtt-mux-router/config/config.go:162.19,164.3 1 0
mqtt-mux-router/config/config.go:165.2,165.19 1 0
mqtt-mux-router/config/config.go:165.19,167.3 1 0
mqtt-mux-router/config/config.go:168.2,168.23 1 0
mqtt-mux-router/config/config.go:168.23,170.3 1 0
mqtt-mux-router/config/config.go:171.2,171.23 1 0
mqtt-mux-router/config/config.go:171.23,173.3 1 0
mqtt-mux-router/config/config.go:174.2,174.25 1 0
mqtt-mux-router/config/config.go:174.25,176.3 1 0
mqtt-mux-router/internal/broker/mqtt/broker.go:40.136,62.19 6 0
mqtt-mux-router/internal/broker/mqtt/broker.go:62.19,64.6 1 0
mqtt-mux-router/internal/broker/mqtt/broker.go:67.5,72.18 3 0
mqtt-mux-router/internal/broker/mqtt/broker.go:76.74,77.56 1 0
mqtt-mux-router/internal/broker/mqtt/broker.go:77.56,79.6 1 0
mqtt-mux-router/internal/broker/mqtt/broker.go:82.5,83.32 2 0
mqtt-mux-router/internal/broker/mqtt/broker.go:83.32,85.6 1 0
mqtt-mux-router/internal/broker/mqtt/broker.go:87.5,88.31 2 0
mqtt-mux-router/internal/broker/mqtt/broker.go:88.31,90.6 1 0
mqtt-mux-router/internal/broker/mqtt/broker.go:92.5,92.54 1 0
mqtt-mux-router/internal/broker/mqtt/broker.go:92.54,94.6 1 0
mqtt-mux-router/internal/broker/mqtt/broker.go:96.5,96.25 1 0
mqtt-mux-router/internal/broker/mqtt/broker.go:96.25,98.6 1 0
mqtt-mux-router/internal/broker/mqtt/broker.go:100.5,100.15 1 0
mqtt-mux-router/internal/broker/mqtt/broker.go:104.30,108.2 3 0
mqtt-mux-router/internal/broker/mqtt/broker.go:111.52,113.2 1 0
mqtt-mux-router/internal/broker/mqtt/broker.go:116.67,117.25 1 0
mqtt-mux-router/internal/broker/mqtt/broker.go:117.25,119.6 1 0
mqtt-mux-router/internal/broker/mqtt/connection.go:23.74,43.38 6 0
mqtt-mux-router/internal/broker/mqtt/connection.go:43.38,49.23 2 0
mqtt-mux-router/internal/broker/mqtt/connection.go:49.23,51.10 1 0
mqtt-mux-router/internal/broker/mqtt/connection.go:52.9,52.37 1 0
mqtt-mux-router/internal/broker/mqtt/connection.go:55.5,58.75 2 0
mqtt-mux-router/internal/broker/mqtt/connection.go:58.75,60.6 1 0
mqtt-mux-router/internal/broker/mqtt/connection.go:62.5,62.19 1 0
mqtt-mux-router/internal/broker/mqtt/connection.go:66.95,73.2 3 0
mqtt-mux-router/internal/broker/mqtt/connection.go:76.50,77.75 1 0
mqtt-mux-router/internal/broker/mqtt/connection.go:77.75,79.6 1 0
mqtt-mux-router/internal/broker/mqtt/connection.go:80.5,80.15 1 0
mqtt-mux-router/internal/broker/mqtt/connection.go:84.47,87.2 2 0
mqtt-mux-router/internal/broker/mqtt/connection.go:90.53,92.2 1 0
mqtt-mux-router/internal/broker/mqtt/connection.go:95.58,96.26 1 0
mqtt-mux-router/internal/broker/mqtt/connection.go:96.26,98.6 1 0
mqtt-mux-router/internal/broker/mqtt/connection.go:99.5,99.15 1 0
mqtt-mux-router/internal/broker/mqtt/connection.go:103.58,105.2 1 0
mqtt-mux-router/internal/broker/mqtt/connection.go:108.68,113.58 4 0
mqtt-mux-router/internal/broker/mqtt/connection.go:113.58,115.6 1 0
mqtt-mux-router/internal/broker/mqtt/connection.go:119.82,123.58 3 0
mqtt-mux-router/internal/broker/mqtt/connection.go:123.58,125.6 1 0
mqtt-mux-router/internal/broker/mqtt/connection.go:129.99,132.58 2 0
mqtt-mux-router/internal/broker/mqtt/connection.go:132.58,134.6 1 0
mqtt-mux-router/internal/broker/mqtt/connection.go:138.102,140.19 2 0
mqtt-mux-router/internal/broker/mqtt/connection.go:140.19,142.6 1 0
mqtt-mux-router/internal/broker/mqtt/connection.go:144.5,145.19 2 0
mqtt-mux-router/internal/broker/mqtt/connection.go:145.19,147.6 1 0
mqtt-mux-router/internal/broker/mqtt/connection.go:149.5,150.47 2 0
mqtt-mux-router/internal/broker/mqtt/connection.go:150.47,152.6 1 0
mqtt-mux-router/internal/broker/mqtt/connection.go:154.5,157.11 1 0
mqtt-mux-router/internal/broker/mqtt/publisher.go:18.49,23.2 1 0
mqtt-mux-router/internal/broker/mqtt/publisher.go:26.69,27.30 1 0
mqtt-mux-router/internal/broker/mqtt/publisher.go:27.30,29.6 1 0
mqtt-mux-router/internal/broker/mqtt/publisher.go:31.5,32.45 2 0
mqtt-mux-router/internal/broker/mqtt/publisher.go:32.45,34.61 2 0
mqtt-mux-router/internal/broker/mqtt/publisher.go:34.61,36.10 1 0
mqtt-mux-router/internal/broker/mqtt/publisher.go:37.9,40.29 2 0
mqtt-mux-router/internal/broker/mqtt/publisher.go:43.5,44.57 2 0
mqtt-mux-router/internal/broker/mqtt/publisher.go:44.57,46.6 1 0
mqtt-mux-router/internal/broker/mqtt/publisher.go:48.5,52.15 2 0
mqtt-mux-router/internal/broker/mqtt/publisher.go:56.66,57.22 1 0
mqtt-mux-router/internal/broker/mqtt/publisher.go:57.22,59.6 1 0
mqtt-mux-router/internal/broker/mqtt/publisher.go:61.5,62.19 2 0
mqtt-mux-router/internal/broker/mqtt/publisher.go:62.19,67.6 2 0
mqtt-mux-router/internal/broker/mqtt/publisher.go:69.5,73.15 2 0
mqtt-mux-router/internal/broker/mqtt/subscription.go:23.69,30.2 1 0
mqtt-mux-router/internal/broker/mqtt/subscription.go:33.68,37.30 3 0
mqtt-mux-router/internal/broker/mqtt/subscription.go:37.30,39.6 1 0
mqtt-mux-router/internal/broker/mqtt/subscription.go:41.5,44.34 3 0
mqtt-mux-router/internal/broker/mqtt/subscription.go:44.34,45.115 1 0
mqtt-mux-router/internal/broker/mqtt/subscription.go:45.115,50.10 2 0
mqtt-mux-router/internal/broker/mqtt/subscription.go:51.9,51.69 1 0
mqtt-mux-router/internal/broker/mqtt/subscription.go:54.5,55.15 2 0
mqtt-mux-router/internal/broker/mqtt/subscription.go:59.70,63.30 3 0
mqtt-mux-router/internal/broker/mqtt/subscription.go:63.30,65.6 1 0
mqtt-mux-router/internal/broker/mqtt/subscription.go:67.5,67.34 1 0
mqtt-mux-router/internal/broker/mqtt/subscription.go:67.34,68.97 1 0
mqtt-mux-router/internal/broker/mqtt/subscription.go:68.97,73.10 2 0
mqtt-mux-router/internal/broker/mqtt/subscription.go:74.9,74.73 1 0
mqtt-mux-router/internal/broker/mqtt/subscription.go:78.5,80.30 3 0
mqtt-mux-router/internal/broker/mqtt/subscription.go:80.30,82.6 1 0
mqtt-mux-router/internal/broker/mqtt/subscription.go:84.5,84.32 1 0
mqtt-mux-router/internal/broker/mqtt/subscription.go:84.32,85.46 1 0
mqtt-mux-router/internal/broker/mqtt/subscription.go:85.46,87.10 1 0
mqtt-mux-router/internal/broker/mqtt/subscription.go:89.5,91.27 2 0
mqtt-mux-router/internal/broker/mqtt/subscription.go:91.27,93.6 1 0
mqtt-mux-router/internal/broker/mqtt/subscription.go:95.5,95.15 1 0
mqtt-mux-router/internal/broker/mqtt/subscription.go:99.87,102.57 2 0
mqtt-mux-router/internal/broker/mqtt/subscription.go:102.57,104.6 1 0
mqtt-mux-router/internal/broker/mqtt/subscription.go:106.5,111.19 3 0
mqtt-mux-router/internal/broker/mqtt/subscription.go:111.19,113.61 2 0
mqtt-mux-router/internal/broker/mqtt/subscription.go:113.61,115.10 1 0
mqtt-mux-router/internal/broker/mqtt/subscription.go:116.9,119.15 2 0
mqtt-mux-router/internal/broker/mqtt/subscription.go:122.5,122.57 1 0
mqtt-mux-router/internal/broker/mqtt/subscription.go:122.57,124.6 1 0
mqtt-mux-router/internal/broker/mqtt/subscription.go:127.5,127.36 1 0
mqtt-mux-router/internal/broker/mqtt/subscription.go:127.36,128.59 1 0
mqtt-mux-router/internal/broker/mqtt/subscription.go:128.59,132.10 1 0
mqtt-mux-router/internal/broker/mqtt/subscription.go:136.5,136.57 1 0
mqtt-mux-router/internal/broker/mqtt/subscription.go:136.57,141.6 2 0
mqtt-mux-router/internal/broker/mqtt/subscription.go:145.58,152.23 6 0
mqtt-mux-router/internal/broker/mqtt/subscription.go:152.23,154.6 1 0
mqtt-mux-router/internal/broker/mqtt/subscription.go:155.5,155.15 1 0
mqtt-mux-router/internal/broker/mqtt/subscription.go:159.66,166.2 5 0
mqtt-mux-router/internal/broker/mqtt/subscription.go:169.55,173.2 3 0
mqtt-mux-router/config/config.go:51.41,53.16 2 0
mqtt-mux-router/config/config.go:53.16,55.3 1 0
mqtt-mux-router/config/config.go:57.2,58.54 2 0
mqtt-mux-router/config/config.go:58.54,60.3 1 0
mqtt-mux-router/config/config.go:63.2,63.32 1 0
mqtt-mux-router/config/config.go:63.32,65.3 1 0
mqtt-mux-router/config/config.go:66.2,66.37 1 0
mqtt-mux-router/config/config.go:66.37,68.3 1 0
mqtt-mux-router/config/config.go:69.2,69.35 1 0
mqtt-mux-router/config/config.go:69.35,71.3 1 0
mqtt-mux-router/config/config.go:74.2,74.34 1 0
mqtt-mux-router/config/config.go:74.34,76.3 1 0
mqtt-mux-router/config/config.go:77.2,77.31 1 0
mqtt-mux-router/config/config.go:77.31,79.3 1 0
mqtt-mux-router/config/config.go:80.2,80.41 1 0
mqtt-mux-router/config/config.go:80.41,82.3 1 0
mqtt-mux-router/config/config.go:85.2,85.36 1 0
mqtt-mux-router/config/config.go:85.36,87.3 1 0
mqtt-mux-router/config/config.go:88.2,88.38 1 0
mqtt-mux-router/config/config.go:88.38,90.3 1 0
mqtt-mux-router/config/config.go:91.2,91.38 1 0
mqtt-mux-router/config/config.go:91.38,93.3 1 0
mqtt-mux-router/config/config.go:96.2,96.48 1 0
mqtt-mux-router/config/config.go:96.48,98.3 1 0
mqtt-mux-router/config/config.go:100.2,100.21 1 0
mqtt-mux-router/config/config.go:104.40,106.27 1 0
mqtt-mux-router/config/config.go:106.27,108.3 1 0
mqtt-mux-router/config/config.go:111.2,111.25 1 0
mqtt-mux-router/config/config.go:111.25,112.34 1 0
mqtt-mux-router/config/config.go:112.34,114.4 1 0
mqtt-mux-router/config/config.go:115.3,115.33 1 0
mqtt-mux-router/config/config.go:115.33,117.4 1 0
mqtt-mux-router/config/config.go:118.3,118.32 1 0
mqtt-mux-router/config/config.go:118.32,120.4 1 0
mqtt-mux-router/config/config.go:124.2,124.27 1 0
mqtt-mux-router/config/config.go:125.40,125.40 0 0
mqtt-mux-router/config/config.go:126.10,127.64 1 0
mqtt-mux-router/config/config.go:130.2,130.30 1 0
mqtt-mux-router/config/config.go:131.25,131.25 0 0
mqtt-mux-router/config/config.go:132.10,133.70 1 0
mqtt-mux-router/config/config.go:137.2,137.25 1 0
mqtt-mux-router/config/config.go:137.25,138.75 1 0
mqtt-mux-router/config/config.go:138.75,140.4 1 0
mqtt-mux-router/config/config.go:144.2,144.32 1 0
mqtt-mux-router/config/config.go:144.32,146.3 1 0
mqtt-mux-router/config/config.go:147.2,147.34 1 0
mqtt-mux-router/config/config.go:147.34,149.3 1 0
mqtt-mux-router/config/config.go:150.2,150.34 1 0
mqtt-mux-router/config/config.go:150.34,152.3 1 0
mqtt-mux-router/config/config.go:154.2,154.12 1 0
mqtt-mux-router/config/config.go:158.132,159.17 1 0
mqtt-mux-router/config/config.go:159.17,161.3 1 0
mqtt-mux-router/config/config.go:162.2,162.19 1 0
mqtt-mux-router/config/config.go:162.19,164.3 1 0
mqtt-mux-router/config/config.go:165.2,165.19 1 0
mqtt-mux-router/config/config.go:165.19,167.3 1 0
mqtt-mux-router/config/config.go:168.2,168.23 1 0
mqtt-mux-router/config/config.go:168.23,170.3 1 0
mqtt-mux-router/config/config.go:171.2,171.23 1 0
mqtt-mux-router/config/config.go:171.23,173.3 1 0
mqtt-mux-router/config/config.go:174.2,174.25 1 0
mqtt-mux-router/config/config.go:174.25,176.3 1 0
mqtt-mux-router/internal/logger/logger.go:19.56,20.16 1 1
mqtt-mux-router/internal/logger/logger.go:20.16,22.3 1 1
mqtt-mux-router/internal/logger/logger.go:25.2,26.19 2 1
mqtt-mux-router/internal/logger/logger.go:27.15,28.25 1 1
mqtt-mux-router/internal/logger/logger.go:29.14,30.24 1 1
mqtt-mux-router/internal/logger/logger.go:31.14,32.24 1 0
mqtt-mux-router/internal/logger/logger.go:33.15,34.25 1 0
mqtt-mux-router/internal/logger/logger.go:35.10,36.24 1 1
mqtt-mux-router/internal/logger/logger.go:40.2,63.16 7 1
mqtt-mux-router/internal/logger/logger.go:63.16,65.3 1 0
mqtt-mux-router/internal/logger/logger.go:67.2,67.37 1 1
mqtt-mux-router/internal/logger/logger.go:71.57,74.2 2 0
mqtt-mux-router/internal/logger/logger.go:77.57,80.2 2 1
mqtt-mux-router/internal/logger/logger.go:83.56,86.2 2 1
mqtt-mux-router/internal/logger/logger.go:89.57,92.2 2 1
mqtt-mux-router/internal/logger/logger.go:95.31,97.2 1 0
mqtt-mux-router/internal/logger/logger.go:100.52,102.36 2 1
mqtt-mux-router/internal/logger/logger.go:102.36,103.22 1 1
mqtt-mux-router/internal/logger/logger.go:103.22,105.11 2 1
mqtt-mux-router/internal/logger/logger.go:105.11,106.13 1 0
mqtt-mux-router/internal/logger/logger.go:108.4,108.52 1 1
mqtt-mux-router/internal/logger/logger.go:111.2,111.15 1 1
mqtt-mux-router/internal/metrics/collector.go:20.92,26.2 1 0
mqtt-mux-router/internal/metrics/collector.go:29.37,32.2 2 0
mqtt-mux-router/internal/metrics/collector.go:35.36,38.2 2 0
mqtt-mux-router/internal/metrics/collector.go:41.39,47.6 4 0
mqtt-mux-router/internal/metrics/collector.go:47.6,48.10 1 0
mqtt-mux-router/internal/metrics/collector.go:49.22,50.10 1 0
mqtt-mux-router/internal/metrics/collector.go:51.19,52.28 1 0
mqtt-mux-router/internal/metrics/collector.go:58.51,66.2 3 0
mqtt-mux-router/internal/metrics/metrics.go:37.62,132.33 3 1
mqtt-mux-router/internal/metrics/metrics.go:132.33,133.46 1 1
mqtt-mux-router/internal/metrics/metrics.go:133.46,135.4 1 0
mqtt-mux-router/internal/metrics/metrics.go:138.2,138.15 1 1
mqtt-mux-router/internal/metrics/metrics.go:142.51,144.2 1 1
mqtt-mux-router/internal/metrics/metrics.go:147.55,149.2 1 0
mqtt-mux-router/internal/metrics/metrics.go:152.57,154.2 1 0
mqtt-mux-router/internal/metrics/metrics.go:157.36,159.2 1 1
mqtt-mux-router/internal/metrics/metrics.go:162.49,164.2 1 0
mqtt-mux-router/internal/metrics/metrics.go:167.59,168.15 1 1
mqtt-mux-router/internal/metrics/metrics.go:168.15,170.3 1 1
mqtt-mux-router/internal/metrics/metrics.go:170.8,172.3 1 1
mqtt-mux-router/internal/metrics/metrics.go:176.39,178.2 1 1
mqtt-mux-router/internal/metrics/metrics.go:181.50,183.2 1 1
mqtt-mux-router/internal/metrics/metrics.go:186.54,188.2 1 0
mqtt-mux-router/internal/metrics/metrics.go:191.70,194.2 2 0
mqtt-mux-router/internal/metrics/metrics.go:197.54,199.2 1 0
mqtt-mux-router/internal/stats/stats.go:23.42,28.2 1 0
mqtt-mux-router/internal/stats/stats.go:31.88,38.2 6 0
mqtt-mux-router/internal/stats/stats.go:41.60,52.2 2 0
mqtt-mux-router/internal/stats/stats.go:55.57,57.2 1 0
mqtt-mux-router/internal/stats/stats.go:60.50,62.20 2 0
mqtt-mux-router/internal/stats/stats.go:62.20,64.6 1 0
mqtt-mux-router/internal/stats/stats.go:65.5,65.49 1 0
mqtt-mux-router/config/config.go:51.41,53.16 2 0
mqtt-mux-router/config/config.go:53.16,55.3 1 0
mqtt-mux-router/config/config.go:57.2,58.54 2 0
mqtt-mux-router/config/config.go:58.54,60.3 1 0
mqtt-mux-router/config/config.go:63.2,63.32 1 0
mqtt-mux-router/config/config.go:63.32,65.3 1 0
mqtt-mux-router/config/config.go:66.2,66.37 1 0
mqtt-mux-router/config/config.go:66.37,68.3 1 0
mqtt-mux-router/config/config.go:69.2,69.35 1 0
mqtt-mux-router/config/config.go:69.35,71.3 1 0
mqtt-mux-router/config/config.go:74.2,74.34 1 0
mqtt-mux-router/config/config.go:74.34,76.3 1 0
mqtt-mux-router/config/config.go:77.2,77.31 1 0
mqtt-mux-router/config/config.go:77.31,79.3 1 0
mqtt-mux-router/config/config.go:80.2,80.41 1 0
mqtt-mux-router/config/config.go:80.41,82.3 1 0
mqtt-mux-router/config/config.go:85.2,85.36 1 0
mqtt-mux-router/config/config.go:85.36,87.3 1 0
mqtt-mux-router/config/config.go:88.2,88.38 1 0
mqtt-mux-router/config/config.go:88.38,90.3 1 0
mqtt-mux-router/config/config.go:91.2,91.38 1 0
mqtt-mux-router/config/config.go:91.38,93.3 1 0
mqtt-mux-router/config/config.go:96.2,96.48 1 0
mqtt-mux-router/config/config.go:96.48,98.3 1 0
mqtt-mux-router/config/config.go:100.2,100.21 1 0
mqtt-mux-router/config/config.go:104.40,106.27 1 0
mqtt-mux-router/config/config.go:106.27,108.3 1 0
mqtt-mux-router/config/config.go:111.2,111.25 1 0
mqtt-mux-router/config/config.go:111.25,112.34 1 0
mqtt-mux-router/config/config.go:112.34,114.4 1 0
mqtt-mux-router/config/config.go:115.3,115.33 1 0
mqtt-mux-router/config/config.go:115.33,117.4 1 0
mqtt-mux-router/config/config.go:118.3,118.32 1 0
mqtt-mux-router/config/config.go:118.32,120.4 1 0
mqtt-mux-router/config/config.go:124.2,124.27 1 0
mqtt-mux-router/config/config.go:125.40,125.40 0 0
mqtt-mux-router/config/config.go:126.10,127.64 1 0
mqtt-mux-router/config/config.go:130.2,130.30 1 0
mqtt-mux-router/config/config.go:131.25,131.25 0 0
mqtt-mux-router/config/config.go:132.10,133.70 1 0
mqtt-mux-router/config/config.go:137.2,137.25 1 0
mqtt-mux-router/config/config.go:137.25,138.75 1 0
mqtt-mux-router/config/config.go:138.75,140.4 1 0
mqtt-mux-router/config/config.go:144.2,144.32 1 0
mqtt-mux-router/config/config.go:144.32,146.3 1 0
mqtt-mux-router/config/config.go:147.2,147.34 1 0
mqtt-mux-router/config/config.go:147.34,149.3 1 0
mqtt-mux-router/config/config.go:150.2,150.34 1 0
mqtt-mux-router/config/config.go:150.34,152.3 1 0
mqtt-mux-router/config/config.go:154.2,154.12 1 0
mqtt-mux-router/config/config.go:158.132,159.17 1 0
mqtt-mux-router/config/config.go:159.17,161.3 1 0
mqtt-mux-router/config/config.go:162.2,162.19 1 0
mqtt-mux-router/config/config.go:162.19,164.3 1 0
mqtt-mux-router/config/config.go:165.2,165.19 1 0
mqtt-mux-router/config/config.go:165.19,167.3 1 0
mqtt-mux-router/config/config.go:168.2,168.23 1 0
mqtt-mux-router/config/config.go:168.23,170.3 1 0
mqtt-mux-router/config/config.go:171.2,171.23 1 0
mqtt-mux-router/config/config.go:171.23,173.3 1 0
mqtt-mux-router/config/config.go:174.2,174.25 1 0
mqtt-mux-router/config/config.go:174.25,176.3 1 0
mqtt-mux-router/internal/rule/evaluator.go:11.97,12.89 1 1
mqtt-mux-router/internal/rule/evaluator.go:12.89,15.6 2 1
mqtt-mux-router/internal/rule/evaluator.go:17.5,24.48 3 1
mqtt-mux-router/internal/rule/evaluator.go:24.48,34.6 3 1
mqtt-mux-router/internal/rule/evaluator.go:36.5,36.45 1 1
mqtt-mux-router/internal/rule/evaluator.go:36.45,44.6 3 1
mqtt-mux-router/internal/rule/evaluator.go:46.5,47.32 2 1
mqtt-mux-router/internal/rule/evaluator.go:48.16,50.40 2 1
mqtt-mux-router/internal/rule/evaluator.go:50.40,51.24 1 1
mqtt-mux-router/internal/rule/evaluator.go:51.24,53.22 2 1
mqtt-mux-router/internal/rule/evaluator.go:56.15,58.40 2 1
mqtt-mux-router/internal/rule/evaluator.go:58.40,59.23 1 1
mqtt-mux-router/internal/rule/evaluator.go:59.23,61.22 2 1
mqtt-mux-router/internal/rule/evaluator.go:64.13,66.21 2 1
mqtt-mux-router/internal/rule/evaluator.go:69.5,73.23 2 1
mqtt-mux-router/internal/rule/evaluator.go:76.89,78.12 2 1
mqtt-mux-router/internal/rule/evaluator.go:78.12,83.6 2 1
mqtt-mux-router/internal/rule/evaluator.go:85.5,92.26 3 1
mqtt-mux-router/internal/rule/evaluator.go:93.15,94.37 1 1
mqtt-mux-router/internal/rule/evaluator.go:95.16,96.37 1 1
mqtt-mux-router/internal/rule/evaluator.go:97.35,98.68 1 1
mqtt-mux-router/internal/rule/evaluator.go:99.19,100.30 1 1
mqtt-mux-router/internal/rule/evaluator.go:101.21,102.77 1 1
mqtt-mux-router/internal/rule/evaluator.go:103.13,105.21 2 1
mqtt-mux-router/internal/rule/evaluator.go:108.5,115.18 2 1
mqtt-mux-router/internal/rule/evaluator.go:118.70,122.26 3 1
mqtt-mux-router/internal/rule/evaluator.go:123.18,124.17 1 1
mqtt-mux-router/internal/rule/evaluator.go:125.17,127.23 2 1
mqtt-mux-router/internal/rule/evaluator.go:127.23,132.10 2 1
mqtt-mux-router/internal/rule/evaluator.go:133.13,137.21 2 0
mqtt-mux-router/internal/rule/evaluator.go:140.5,140.26 1 1
mqtt-mux-router/internal/rule/evaluator.go:141.18,142.17 1 1
mqtt-mux-router/internal/rule/evaluator.go:143.17,145.23 2 1
mqtt-mux-router/internal/rule/evaluator.go:145.23,150.10 2 1
mqtt-mux-router/internal/rule/evaluator.go:151.13,155.21 2 0
mqtt-mux-router/internal/rule/evaluator.go:158.5,158.15 1 1
mqtt-mux-router/internal/rule/evaluator.go:159.15,160.27 1 1
mqtt-mux-router/internal/rule/evaluator.go:161.15,162.27 1 1
mqtt-mux-router/internal/rule/evaluator.go:163.16,164.28 1 1
mqtt-mux-router/internal/rule/evaluator.go:165.16,166.28 1 1
mqtt-mux-router/internal/rule/evaluator.go:167.13,168.21 1 1
mqtt-mux-router/internal/rule/evaluator.go:172.52,174.22 2 1
mqtt-mux-router/internal/rule/evaluator.go:174.22,176.6 1 1
mqtt-mux-router/internal/rule/evaluator.go:177.5,177.16 1 1
mqtt-mux-router/internal/rule/index.go:27.50,35.2 1 1
mqtt-mux-router/internal/rule/index.go:37.39,38.20 1 1
mqtt-mux-router/internal/rule/index.go:38.20,41.6 2 0
mqtt-mux-router/internal/rule/index.go:43.5,56.46 6 1
mqtt-mux-router/internal/rule/index.go:59.50,70.23 6 1
mqtt-mux-router/internal/rule/index.go:70.23,72.6 1 1
mqtt-mux-router/internal/rule/index.go:74.5,74.17 1 1
mqtt-mux-router/internal/rule/index.go:77.44,82.41 4 1
mqtt-mux-router/internal/rule/index.go:82.41,84.6 1 1
mqtt-mux-router/internal/rule/index.go:86.5,89.18 2 1
mqtt-mux-router/internal/rule/index.go:92.31,103.2 6 1
mqtt-mux-router/internal/rule/index.go:105.45,121.2 5 1
mqtt-mux-router/internal/rule/loader.go:20.54,21.16 1 1
mqtt-mux-router/internal/rule/loader.go:21.16,23.3 1 1
mqtt-mux-router/internal/rule/loader.go:24.2,26.3 1 1
mqtt-mux-router/internal/rule/loader.go:30.70,35.82 3 1
mqtt-mux-router/internal/rule/loader.go:35.82,36.17 1 1
mqtt-mux-router/internal/rule/loader.go:36.17,38.4 1 1
mqtt-mux-router/internal/rule/loader.go:40.3,40.52 1 1
mqtt-mux-router/internal/rule/loader.go:40.52,42.4 1 1
mqtt-mux-router/internal/rule/loader.go:44.3,47.17 3 1
mqtt-mux-router/internal/rule/loader.go:47.17,52.4 2 1
mqtt-mux-router/internal/rule/loader.go:54.3,55.56 2 1
mqtt-mux-router/internal/rule/loader.go:55.56,60.4 2 1
mqtt-mux-router/internal/rule/loader.go:62.3,67.32 2 1
mqtt-mux-router/internal/rule/loader.go:67.32,68.46 1 1
mqtt-mux-router/internal/rule/loader.go:68.46,74.5 2 1
mqtt-mux-router/internal/rule/loader.go:75.4,75.31 1 1
mqtt-mux-router/internal/rule/loader.go:78.3,78.13 1 1
mqtt-mux-router/internal/rule/loader.go:81.2,81.16 1 1
mqtt-mux-router/internal/rule/loader.go:81.16,83.3 1 1
mqtt-mux-router/internal/rule/loader.go:85.2,88.19 2 1
mqtt-mux-router/internal/rule/loader.go:92.37,93.17 1 1
mqtt-mux-router/internal/rule/loader.go:93.17,95.3 1 1
mqtt-mux-router/internal/rule/loader.go:97.2,97.22 1 1
mqtt-mux-router/internal/rule/loader.go:97.22,99.3 1 1
mqtt-mux-router/internal/rule/loader.go:101.2,101.24 1 1
mqtt-mux-router/internal/rule/loader.go:101.24,103.3 1 1
mqtt-mux-router/internal/rule/loader.go:105.2,105.29 1 1
mqtt-mux-router/internal/rule/loader.go:105.29,107.3 1 1
mqtt-mux-router/internal/rule/loader.go:109.2,109.28 1 1
mqtt-mux-router/internal/rule/loader.go:109.28,110.61 1 1
mqtt-mux-router/internal/rule/loader.go:110.61,112.4 1 1
mqtt-mux-router/internal/rule/loader.go:115.2,115.12 1 1
mqtt-mux-router/internal/rule/loader.go:119.55,120.23 1 1
mqtt-mux-router/internal/rule/loader.go:120.23,122.3 1 1
mqtt-mux-router/internal/rule/loader.go:124.2,124.65 1 1
mqtt-mux-router/internal/rule/loader.go:124.65,126.3 1 1
mqtt-mux-router/internal/rule/loader.go:129.2,129.45 1 1
mqtt-mux-router/internal/rule/loader.go:129.45,130.28 1 1
mqtt-mux-router/internal/rule/loader.go:130.28,132.4 1 1
mqtt-mux-router/internal/rule/loader.go:133.3,133.43 1 1
mqtt-mux-router/internal/rule/loader.go:133.43,135.4 1 1
mqtt-mux-router/internal/rule/loader.go:139.2,139.42 1 1
mqtt-mux-router/internal/rule/loader.go:139.42,140.52 1 1
mqtt-mux-router/internal/rule/loader.go:140.52,142.4 1 1
mqtt-mux-router/internal/rule/loader.go:145.2,145.12 1 1
mqtt-mux-router/internal/rule/loader.go:149.38,161.2 2 1
mqtt-mux-router/internal/rule/pool.go:32.54,38.33 2 1
mqtt-mux-router/internal/rule/pool.go:38.33,42.33 2 1
mqtt-mux-router/internal/rule/pool.go:42.33,44.14 1 1
mqtt-mux-router/internal/rule/pool.go:46.13,50.14 1 1
mqtt-mux-router/internal/rule/pool.go:53.5,53.14 1 1
mqtt-mux-router/internal/rule/pool.go:56.48,65.2 4 1
mqtt-mux-router/internal/rule/pool.go:67.51,68.19 1 1
mqtt-mux-router/internal/rule/pool.go:68.19,71.6 2 1
mqtt-mux-router/internal/rule/pool.go:73.5,84.31 5 1
mqtt-mux-router/internal/rule/pool.go:84.31,86.6 1 1
mqtt-mux-router/internal/rule/pool.go:87.5,90.20 3 1
mqtt-mux-router/internal/rule/pool.go:104.52,110.33 2 1
mqtt-mux-router/internal/rule/pool.go:110.33,114.33 2 1
mqtt-mux-router/internal/rule/pool.go:114.33,116.14 1 1
mqtt-mux-router/internal/rule/pool.go:118.13,118.39 1 1
mqtt-mux-router/internal/rule/pool.go:121.5,121.14 1 1
mqtt-mux-router/internal/rule/pool.go:124.46,133.2 4 1
mqtt-mux-router/internal/rule/pool.go:135.52,136.22 1 1
mqtt-mux-router/internal/rule/pool.go:136.22,139.6 2 1
mqtt-mux-router/internal/rule/pool.go:141.5,148.23 5 1
mqtt-mux-router/internal/rule/pool.go:152.55,158.2 1 1
mqtt-mux-router/internal/rule/processor.go:43.97,44.25 1 1
mqtt-mux-router/internal/rule/processor.go:44.25,46.6 1 1
mqtt-mux-router/internal/rule/processor.go:47.5,47.27 1 1
mqtt-mux-router/internal/rule/processor.go:47.27,49.6 1 1
mqtt-mux-router/internal/rule/processor.go:51.5,68.13 5 1
mqtt-mux-router/internal/rule/processor.go:71.51,76.26 3 1
mqtt-mux-router/internal/rule/processor.go:76.26,79.6 2 1
mqtt-mux-router/internal/rule/processor.go:81.5,83.15 3 1
mqtt-mux-router/internal/rule/processor.go:86.42,90.2 3 1
mqtt-mux-router/internal/rule/processor.go:92.61,94.2 1 1
mqtt-mux-router/internal/rule/processor.go:96.78,106.28 6 1
mqtt-mux-router/internal/rule/processor.go:106.28,110.6 3 1
mqtt-mux-router/internal/rule/processor.go:112.5,112.64 1 1
mqtt-mux-router/internal/rule/processor.go:112.64,120.6 5 1
mqtt-mux-router/internal/rule/processor.go:122.5,122.36 1 1
mqtt-mux-router/internal/rule/processor.go:122.36,123.88 1 1
mqtt-mux-router/internal/rule/processor.go:123.88,125.27 2 1
mqtt-mux-router/internal/rule/processor.go:125.27,130.25 3 0
mqtt-mux-router/internal/rule/processor.go:132.13,134.54 3 1
mqtt-mux-router/internal/rule/processor.go:138.5,142.25 4 1
mqtt-mux-router/internal/rule/processor.go:142.25,147.6 2 1
mqtt-mux-router/internal/rule/processor.go:149.5,150.24 2 1
mqtt-mux-router/internal/rule/processor.go:153.104,159.45 2 1
mqtt-mux-router/internal/rule/processor.go:159.45,161.23 2 0
mqtt-mux-router/internal/rule/processor.go:161.23,163.10 1 0
mqtt-mux-router/internal/rule/processor.go:164.9,164.38 1 0
mqtt-mux-router/internal/rule/processor.go:167.5,168.19 2 1
mqtt-mux-router/internal/rule/processor.go:168.19,170.6 1 0
mqtt-mux-router/internal/rule/processor.go:171.5,173.32 2 1
mqtt-mux-router/internal/rule/processor.go:176.99,183.88 3 1
mqtt-mux-router/internal/rule/processor.go:183.88,187.25 2 1
mqtt-mux-router/internal/rule/processor.go:188.24,191.31 3 1
mqtt-mux-router/internal/rule/processor.go:192.24,194.27 2 1
mqtt-mux-router/internal/rule/processor.go:194.27,197.14 2 0
mqtt-mux-router/internal/rule/processor.go:198.13,199.31 2 1
mqtt-mux-router/internal/rule/processor.go:200.17,203.25 2 0
mqtt-mux-router/internal/rule/processor.go:208.5,209.80 2 1
mqtt-mux-router/internal/rule/processor.go:209.80,213.23 3 1
mqtt-mux-router/internal/rule/processor.go:213.23,218.10 2 1
mqtt-mux-router/internal/rule/processor.go:220.9,224.24 3 1
mqtt-mux-router/internal/rule/processor.go:227.5,227.23 1 1
mqtt-mux-router/internal/rule/processor.go:230.103,233.30 2 1
mqtt-mux-router/internal/rule/processor.go:233.30,234.36 1 1
mqtt-mux-router/internal/rule/processor.go:235.37,238.20 3 1
mqtt-mux-router/internal/rule/processor.go:238.20,240.14 1 1
mqtt-mux-router/internal/rule/processor.go:241.42,244.20 3 0
mqtt-mux-router/internal/rule/processor.go:244.20,246.14 1 0
mqtt-mux-router/internal/rule/processor.go:247.17,248.73 1 1
mqtt-mux-router/internal/rule/processor.go:252.5,252.24 1 1
mqtt-mux-router/internal/rule/processor.go:255.63,256.30 1 1
mqtt-mux-router/internal/rule/processor.go:257.17,258.17 1 1
mqtt-mux-router/internal/rule/processor.go:259.18,260.51 1 1
mqtt-mux-router/internal/rule/processor.go:261.14,262.31 1 1
mqtt-mux-router/internal/rule/processor.go:263.15,264.37 1 1
mqtt-mux-router/internal/rule/processor.go:265.14,266.22 1 1
mqtt-mux-router/internal/rule/processor.go:267.48,269.23 2 1
mqtt-mux-router/internal/rule/processor.go:269.23,273.10 2 0
mqtt-mux-router/internal/rule/processor.go:274.9,274.33 1 1
mqtt-mux-router/internal/rule/processor.go:275.13,276.36 1 0
mqtt-mux-router/internal/rule/processor.go:280.36,284.36 2 1
mqtt-mux-router/internal/rule/processor.go:284.36,287.6 2 1
mqtt-mux-router/internal/rule/processor.go:290.30,293.32 2 1
mqtt-mux-router/internal/rule/processor.go:293.32,295.6 1 0
mqtt-mux-router/internal/rule/processor.go:298.60,301.68 2 1
mqtt-mux-router/internal/rule/processor.go:301.68,308.6 4 0
mqtt-mux-router/internal/rule/processor.go:310.5,311.29 2 1
mqtt-mux-router/internal/rule/processor.go:311.29,313.6 1 0
mqtt-mux-router/internal/rule/processor.go:316.47,329.2 3 1
mqtt-mux-router/internal/rule/processor.go:331.29,335.2 3 1
